This is pdfTeX, Version 3.141592653-2.6-1.40.22 (TeX Live 2021/Arch Linux) (preloaded format=pdflatex 2021.11.27)  1 DEC 2021 00:35
entering extended mode
 restricted \write18 enabled.
 file:line:error style messages enabled.
 %&-line parsing enabled.
**/home/jaxon/git/CSC_321/OTP/Report/OTP.tex
(/home/jaxon/git/CSC_321/OTP/Report/OTP.tex
LaTeX2e <2020-10-01> patch level 4
L3 programming layer <2021-02-18> (/usr/share/texmf-dist/tex/latex/base/article.cls
Document Class: article 2020/04/10 v1.4m Standard LaTeX document class
(/usr/share/texmf-dist/tex/latex/base/size11.clo
File: size11.clo 2020/04/10 v1.4m Standard LaTeX file (size option)
)
\c@part=\count179
\c@section=\count180
\c@subsection=\count181
\c@subsubsection=\count182
\c@paragraph=\count183
\c@subparagraph=\count184
\c@figure=\count185
\c@table=\count186
\abovecaptionskip=\skip47
\belowcaptionskip=\skip48
\bibindent=\dimen138
) (/usr/share/texmf-dist/tex/latex/listings/listings.sty (/usr/share/texmf-dist/tex/latex/graphics/keyval.sty
Package: keyval 2014/10/28 v1.15 key=value parser (DPC)
\KV@toks@=\toks15
)
\lst@mode=\count187
\lst@gtempboxa=\box47
\lst@token=\toks16
\lst@length=\count188
\lst@currlwidth=\dimen139
\lst@column=\count189
\lst@pos=\count190
\lst@lostspace=\dimen140
\lst@width=\dimen141
\lst@newlines=\count191
\lst@lineno=\count192
\lst@maxwidth=\dimen142
 (/usr/share/texmf-dist/tex/latex/listings/lstmisc.sty
File: lstmisc.sty 2020/03/24 1.8d (Carsten Heinz)
\c@lstnumber=\count193
\lst@skipnumbers=\count194
\lst@framebox=\box48
) (/usr/share/texmf-dist/tex/latex/listings/listings.cfg
File: listings.cfg 2020/03/24 1.8d listings configuration
))
Package: listings 2020/03/24 1.8d (Carsten Heinz)
 (/usr/share/texmf-dist/tex/latex/xcolor/xcolor.sty
Package: xcolor 2016/05/11 v2.12 LaTeX color extensions (UK)
 (/usr/share/texmf-dist/tex/latex/graphics-cfg/color.cfg
File: color.cfg 2016/01/02 v1.6 sample color configuration
)
Package xcolor Info: Driver file: pdftex.def on input line 225.
 (/usr/share/texmf-dist/tex/latex/graphics-def/pdftex.def
File: pdftex.def 2020/10/05 v1.2a Graphics/color driver for pdftex
)
Package xcolor Info: Model `cmy' substituted by `cmy0' on input line 1348.
Package xcolor Info: Model `hsb' substituted by `rgb' on input line 1352.
Package xcolor Info: Model `RGB' extended on input line 1364.
Package xcolor Info: Model `HTML' substituted by `rgb' on input line 1366.
Package xcolor Info: Model `Hsb' substituted by `hsb' on input line 1367.
Package xcolor Info: Model `tHsb' substituted by `hsb' on input line 1368.
Package xcolor Info: Model `HSB' substituted by `hsb' on input line 1369.
Package xcolor Info: Model `Gray' substituted by `gray' on input line 1370.
Package xcolor Info: Model `wave' substituted by `hsb' on input line 1371.
) (/usr/share/texmf-dist/tex/latex/graphics/graphicx.sty
Package: graphicx 2020/09/09 v1.2b Enhanced LaTeX Graphics (DPC,SPQR)
 (/usr/share/texmf-dist/tex/latex/graphics/graphics.sty
Package: graphics 2020/08/30 v1.4c Standard LaTeX Graphics (DPC,SPQR)
 (/usr/share/texmf-dist/tex/latex/graphics/trig.sty
Package: trig 2016/01/03 v1.10 sin cos tan (DPC)
) (/usr/share/texmf-dist/tex/latex/graphics-cfg/graphics.cfg
File: graphics.cfg 2016/06/04 v1.11 sample graphics configuration
)
Package graphics Info: Driver file: pdftex.def on input line 105.
)
\Gin@req@height=\dimen143
\Gin@req@width=\dimen144
) (/usr/share/texmf-dist/tex/latex/l3backend/l3backend-pdftex.def
File: l3backend-pdftex.def 2021-03-18 L3 backend support: PDF output (pdfTeX)
\l__color_backend_stack_int=\count195
\l__pdf_internal_box=\box49
) (/home/jaxon/git/CSC_321/OTP/Report/OTP.aux)
\openout1 = `OTP.aux'.

LaTeX Font Info:    Checking defaults for OML/cmm/m/it on input line 45.
LaTeX Font Info:    ... okay on input line 45.
LaTeX Font Info:    Checking defaults for OMS/cmsy/m/n on input line 45.
LaTeX Font Info:    ... okay on input line 45.
LaTeX Font Info:    Checking defaults for OT1/cmr/m/n on input line 45.
LaTeX Font Info:    ... okay on input line 45.
LaTeX Font Info:    Checking defaults for T1/cmr/m/n on input line 45.
LaTeX Font Info:    ... okay on input line 45.
LaTeX Font Info:    Checking defaults for TS1/cmr/m/n on input line 45.
LaTeX Font Info:    ... okay on input line 45.
LaTeX Font Info:    Checking defaults for OMX/cmex/m/n on input line 45.
LaTeX Font Info:    ... okay on input line 45.
LaTeX Font Info:    Checking defaults for U/cmr/m/n on input line 45.
LaTeX Font Info:    ... okay on input line 45.
\c@lstlisting=\count196
 (/usr/share/texmf-dist/tex/context/base/mkii/supp-pdf.mkii
[Loading MPS to PDF converter (version 2006.09.02).]
\scratchcounter=\count197
\scratchdimen=\dimen145
\scratchbox=\box50
\nofMPsegments=\count198
\nofMParguments=\count199
\everyMPshowfont=\toks17
\MPscratchCnt=\count266
\MPscratchDim=\dimen146
\MPnumerator=\count267
\makeMPintoPDFobject=\count268
\everyMPtoPDFconversion=\toks18
) (/usr/share/texmf-dist/tex/latex/epstopdf-pkg/epstopdf-base.sty
Package: epstopdf-base 2020-01-24 v2.11 Base part for package epstopdf
Package epstopdf-base Info: Redefining graphics rule for `.eps' on input line 485.
 (/usr/share/texmf-dist/tex/latex/latexconfig/epstopdf-sys.cfg
File: epstopdf-sys.cfg 2010/07/13 v1.3 Configuration of (r)epstopdf for TeX Live
)) (/usr/share/texmf-dist/tex/latex/listings/lstlang1.sty
File: lstlang1.sty 2020/03/24 1.8d listings language file
) (/home/jaxon/git/CSC_321/OTP/Report/../task1.py)
LaTeX Font Info:    Trying to load font information for TS1+cmtt on input line 70.
 (/usr/share/texmf-dist/tex/latex/base/ts1cmtt.fd
File: ts1cmtt.fd 2019/12/16 v2.5j Standard LaTeX font definitions
) [1

{/var/lib/texmf/fonts/map/pdftex/updmap/pdftex.map}] (/home/jaxon/git/CSC_321/OTP/Report/../task2.py [2]) (/home/jaxon/git/CSC_321/OTP/Report/../task3.py [3]) [4]
<Images/mustang.jpg, id=22, 187.27658pt x 171.2938pt>
File: Images/mustang.jpg Graphic file (type jpg)
<use Images/mustang.jpg>
Package pdftex.def Info: Images/mustang.jpg  used on input line 113.
(pdftex.def)             Requested size: 113.81102pt x 104.09698pt.
<Images/cp-logo.jpg, id=23, 541.02126pt x 494.84875pt>
File: Images/cp-logo.jpg Graphic file (type jpg)
<use Images/cp-logo.jpg>
Package pdftex.def Info: Images/cp-logo.jpg  used on input line 114.
(pdftex.def)             Requested size: 113.81102pt x 104.09497pt.
<Images/mustang_cipher.jpg, id=24, 187.27658pt x 171.2938pt>
File: Images/mustang_cipher.jpg Graphic file (type jpg)
<use Images/mustang_cipher.jpg>
Package pdftex.def Info: Images/mustang_cipher.jpg  used on input line 123.
(pdftex.def)             Requested size: 113.81102pt x 104.09698pt.
<Images/cp_cipher.jpg, id=25, 541.02126pt x 494.84875pt>
File: Images/cp_cipher.jpg Graphic file (type jpg)
<use Images/cp_cipher.jpg>
Package pdftex.def Info: Images/cp_cipher.jpg  used on input line 124.
(pdftex.def)             Requested size: 113.81102pt x 104.09497pt.
File: Images/mustang.jpg Graphic file (type jpg)
<use Images/mustang.jpg>
Package pdftex.def Info: Images/mustang.jpg  used on input line 132.
(pdftex.def)             Requested size: 113.81102pt x 104.09698pt.
File: Images/cp-logo.jpg Graphic file (type jpg)
<use Images/cp-logo.jpg>
Package pdftex.def Info: Images/cp-logo.jpg  used on input line 133.
(pdftex.def)             Requested size: 113.81102pt x 104.09497pt.
 [5 </home/jaxon/git/CSC_321/OTP/Report/Images/mustang.jpg> </home/jaxon/git/CSC_321/OTP/Report/Images/cp-logo.jpg> </home/jaxon/git/CSC_321/OTP/Report/Images/mustang_cipher.jpg> </home/jaxon/git/CSC_321/OTP/Report/Images/cp_cipher.jpg>] (/home/jaxon/git/CSC_321/OTP/Report/../task4.py [6])
File: Images/mustang.jpg Graphic file (type jpg)
<use Images/mustang.jpg>
Package pdftex.def Info: Images/mustang.jpg  used on input line 158.
(pdftex.def)             Requested size: 113.81102pt x 104.09698pt.
File: Images/cp-logo.jpg Graphic file (type jpg)
<use Images/cp-logo.jpg>
Package pdftex.def Info: Images/cp-logo.jpg  used on input line 159.
(pdftex.def)             Requested size: 113.81102pt x 104.09497pt.
 [7]
<Images/mustang-2tp.jpg, id=37, 541.02126pt x 494.84875pt>
File: Images/mustang-2tp.jpg Graphic file (type jpg)
<use Images/mustang-2tp.jpg>
Package pdftex.def Info: Images/mustang-2tp.jpg  used on input line 168.
(pdftex.def)             Requested size: 113.81102pt x 104.09497pt.
<Images/cp-logo-2tp.jpg, id=38, 541.02126pt x 494.84875pt>
File: Images/cp-logo-2tp.jpg Graphic file (type jpg)
<use Images/cp-logo-2tp.jpg>
Package pdftex.def Info: Images/cp-logo-2tp.jpg  used on input line 169.
(pdftex.def)             Requested size: 113.81102pt x 104.09497pt.
<Images/xor.jpg, id=39, 541.02126pt x 494.84875pt>
File: Images/xor.jpg Graphic file (type jpg)
<use Images/xor.jpg>
Package pdftex.def Info: Images/xor.jpg  used on input line 177.
(pdftex.def)             Requested size: 113.81102pt x 104.09497pt.
 [8 </home/jaxon/git/CSC_321/OTP/Report/Images/mustang-2tp.jpg> </home/jaxon/git/CSC_321/OTP/Report/Images/cp-logo-2tp.jpg> </home/jaxon/git/CSC_321/OTP/Report/Images/xor.jpg>]
LaTeX Font Info:    External font `cmex10' loaded for size
(Font)              <10.95> on input line 215.
LaTeX Font Info:    External font `cmex10' loaded for size
(Font)              <8> on input line 215.
LaTeX Font Info:    External font `cmex10' loaded for size
(Font)              <6> on input line 215.
 [9] (/home/jaxon/git/CSC_321/OTP/Report/OTP.aux) ) 
Here is how much of TeX's memory you used:
 3578 strings out of 478994
 48948 string characters out of 5864750
 700817 words of memory out of 5000000
 21048 multiletter control sequences out of 15000+600000
 408965 words of font info for 46 fonts, out of 8000000 for 9000
 1141 hyphenation exceptions out of 8191
 68i,6n,74p,338b,1752s stack positions out of 5000i,500n,10000p,200000b,80000s
{/usr/share/texmf-dist/fonts/enc/dvips/cm-super/cm-super-ts1.enc}</usr/share/texmf-dist/fonts/type1/public/amsfonts/cm/cmbx10.pfb></usr/share/texmf-dist/fonts/type1/public/amsfonts/cm/cmbx12.pfb></usr/share/texmf-dist/fonts/type1/public/amsfonts/cm/cmmi10.pfb></usr/share/texmf-dist/fonts/type1/public/amsfonts/cm/cmr10.pfb></usr/share/texmf-dist/fonts/type1/public/amsfonts/cm/cmr6.pfb></usr/share/texmf-dist/fonts/type1/public/amsfonts/cm/cmsy10.pfb></usr/share/texmf-dist/fonts/type1/public/amsfonts/cm/cmti10.pfb></usr/share/texmf-dist/fonts/type1/public/amsfonts/cm/cmtt10.pfb></usr/share/texmf-dist/fonts/type1/public/amsfonts/cm/cmtt9.pfb></usr/share/texmf-dist/fonts/type1/public/cm-super/sftt1095.pfb>
Output written on /home/jaxon/git/CSC_321/OTP/Report/OTP.pdf (9 pages, 2074440 bytes).
PDF statistics:
 82 PDF objects out of 1000 (max. 8388607)
 53 compressed objects within 1 object stream
 0 named destinations out of 1000 (max. 500000)
 36 words of extra memory for PDF output out of 10000 (max. 10000000)

